<?xml version="1.0" encoding="UTF-8"?>
<!-- Generated by org.testng.reporters.JUnitReportReporter -->
<testsuite hostname="Sagorika" failures="0" tests="27" name="unitech.unitechConsulting.testCases.Career_page_TC_001" time="49.017" errors="0" timestamp="8 Jul 2023 13:15:17 GMT">
  <testcase classname="unitech.unitechConsulting.testCases.Career_page_TC_001" name="TC_003_click_header_AboutUs_button" time="5.111"/>
  <testcase classname="unitech.unitechConsulting.testCases.Career_page_TC_001" name="TC_019_Word_Press_read_more_click" time="1.418"/>
  <testcase classname="unitech.unitechConsulting.testCases.Career_page_TC_001" name="TC_009_click_BurgerMenu_AboutUs_button" time="0.626"/>
  <testcase classname="unitech.unitechConsulting.testCases.Career_page_TC_001" name="TC_015_Logo_Psp_Tech_Career_click" time="1.228"/>
  <testcase classname="unitech.unitechConsulting.testCases.Career_page_TC_001" name="TC_022_Quality_Assurance_Analyst_click" time="1.133"/>
  <testcase classname="unitech.unitechConsulting.testCases.Career_page_TC_001" name="TC_028_Software_Development_Footer_button_click" time="1.131"/>
  <testcase classname="unitech.unitechConsulting.testCases.Career_page_TC_001" name="TC_010_click_BurgerMenu_ContactUs_button" time="0.684"/>
  <testcase classname="unitech.unitechConsulting.testCases.Career_page_TC_001" name="TC_012_software_development_BargerMenu_Career_click" time="1.568"/>
  <testcase classname="unitech.unitechConsulting.testCases.Career_page_TC_001" name="TC_002_click_header_Home_button" time="1.157"/>
  <testcase classname="unitech.unitechConsulting.testCases.Career_page_TC_001" name="TC_023_Scrum_Master_Read_more_click" time="1.884"/>
  <testcase classname="unitech.unitechConsulting.testCases.Career_page_TC_001" name="TC_026_AboutUs_Footer_button_click" time="1.147"/>
  <testcase classname="unitech.unitechConsulting.testCases.Career_page_TC_001" name="TC_016_Middle_Home_Career_click" time="2.275"/>
  <testcase classname="unitech.unitechConsulting.testCases.Career_page_TC_001" name="TC_029_Career_Footer_button_click" time="0.498"/>
  <testcase classname="unitech.unitechConsulting.testCases.Career_page_TC_001" name="TC_017_full_stack_devreloper_reade_more_click" time="1.319"/>
  <testcase classname="unitech.unitechConsulting.testCases.Career_page_TC_001" name="TC_025_ContactUs_Middle2_button_click" time="1.157"/>
  <testcase classname="unitech.unitechConsulting.testCases.Career_page_TC_001" name="TC_006_click_header_ContactUs_button" time="1.392"/>
  <testcase classname="unitech.unitechConsulting.testCases.Career_page_TC_001" name="TC_011_click_BurgerMenu_Career_button" time="0.609"/>
  <testcase classname="unitech.unitechConsulting.testCases.Career_page_TC_001" name="TC_021_Quality_Assurance_Analyst_read_more_click" time="2.145"/>
  <testcase classname="unitech.unitechConsulting.testCases.Career_page_TC_001" name="TC_027_ContactUs_Footer_button_click" time="1.096"/>
  <testcase classname="unitech.unitechConsulting.testCases.Career_page_TC_001" name="TC_013_software_development_dropdown_click" time="1.916"/>
  <testcase classname="unitech.unitechConsulting.testCases.Career_page_TC_001" name="TC_001_click_header_career_button" time="3.470"/>
  <testcase classname="unitech.unitechConsulting.testCases.Career_page_TC_001" name="TC_005_software_development_dropdown_click" time="6.175"/>
  <testcase classname="unitech.unitechConsulting.testCases.Career_page_TC_001" name="TC_020_Word_Press__click" time="1.185"/>
  <testcase classname="unitech.unitechConsulting.testCases.Career_page_TC_001" name="TC_024_Scrum_Master_click" time="1.115"/>
  <testcase classname="unitech.unitechConsulting.testCases.Career_page_TC_001" name="TC_004_software_development_dropdown_click" time="3.983"/>
  <testcase classname="unitech.unitechConsulting.testCases.Career_page_TC_001" name="TC_014_software_development_dropdown_click" time="2.477"/>
  <testcase classname="unitech.unitechConsulting.testCases.Career_page_TC_001" name="TC_018_full_stack_devreloper_click" time="1.118"/>
</testsuite> <!-- unitech.unitechConsulting.testCases.Career_page_TC_001 -->
